# JRE version: OpenJDK Runtime Environment Temurin-21.0.7+6 (21.0.7+6) (build 21.0.7+6-LTS)
# Java VM: OpenJDK 64-Bit Server VM Temurin-21.0.7+6 (21.0.7+6-LTS, mixed mode, sharing, tiered, compressed oops, compressed class ptrs, parallel gc, windows-amd64)
GC Precious Log:
 CardTable entry size: 512
 CPUs: 8 total, 8 available
 Memory: 16080M
 Large Page Support: Disabled
 NUMA Support: Disabled
 Compressed Oops: Enabled (32-bit)
 Alignments: Space 512K, Generation 512K, Heap 2M
 Heap Min Capacity: 100M
 Heap Initial Capacity: 100M
 Heap Max Capacity: 1G
 Pre-touch: Disabled
 Parallel Workers: 8
Heap:
 PSYoungGen      total 2048K, used 1253K [0x00000000eab00000, 0x00000000eae80000, 0x0000000100000000)
  eden space 1536K, 50% used [0x00000000eab00000,0x00000000eabc0a78,0x00000000eac80000)
  from space 512K, 94% used [0x00000000ead80000,0x00000000eadf8a60,0x00000000eae00000)
  to   space 1024K, 0% used [0x00000000eac80000,0x00000000eac80000,0x00000000ead80000)
 ParOldGen       total 192000K, used 169960K [0x00000000c0000000, 0x00000000cbb80000, 0x00000000eab00000)
  object space 192000K, 88% used [0x00000000c0000000,0x00000000ca5fa308,0x00000000cbb80000)
 Metaspace       used 59472K, committed 60736K, reserved 1114112K
  class space    used 6095K, committed 6656K, reserved 1048576K
GC Heap History (20 events):
Event: 16.878 GC heap before
{Heap before GC invocations=302 (full 3):
 PSYoungGen      total 2560K, used 2074K [0x00000000eab00000, 0x00000000eae80000, 0x0000000100000000)
  eden space 1536K, 100% used [0x00000000eab00000,0x00000000eac80000,0x00000000eac80000)
  from space 1024K, 52% used [0x00000000ead80000,0x00000000eae068a8,0x00000000eae80000)
  to   space 1024K, 0% used [0x00000000eac80000,0x00000000eac80000,0x00000000ead80000)
 ParOldGen       total 192000K, used 165580K [0x00000000c0000000, 0x00000000cbb80000, 0x00000000eab00000)
  object space 192000K, 86% used [0x00000000c0000000,0x00000000ca1b3170,0x00000000cbb80000)
 Metaspace       used 59318K, committed 60544K, reserved 1114112K
  class space    used 6088K, committed 6656K, reserved 1048576K
}
Event: 16.880 GC heap after
{Heap after GC invocations=302 (full 3):
 PSYoungGen      total 2560K, used 433K [0x00000000eab00000, 0x00000000eae00000, 0x0000000100000000)
  eden space 1536K, 0% used [0x00000000eab00000,0x00000000eab00000,0x00000000eac80000)
  from space 1024K, 42% used [0x00000000eac80000,0x00000000eacec4e0,0x00000000ead80000)
  to   space 512K, 0% used [0x00000000ead80000,0x00000000ead80000,0x00000000eae00000)
 ParOldGen       total 192000K, used 165996K [0x00000000c0000000, 0x00000000cbb80000, 0x00000000eab00000)
  object space 192000K, 86% used [0x00000000c0000000,0x00000000ca21b010,0x00000000cbb80000)
 Metaspace       used 59318K, committed 60544K, reserved 1114112K
  class space    used 6088K, committed 6656K, reserved 1048576K
}
Event: 16.886 GC heap before
{Heap before GC invocations=303 (full 3):
 PSYoungGen      total 2560K, used 1969K [0x00000000eab00000, 0x00000000eae00000, 0x0000000100000000)
  eden space 1536K, 100% used [0x00000000eab00000,0x00000000eac80000,0x00000000eac80000)
  from space 1024K, 42% used [0x00000000eac80000,0x00000000eacec4e0,0x00000000ead80000)
  to   space 512K, 0% used [0x00000000ead80000,0x00000000ead80000,0x00000000eae00000)
 ParOldGen       total 192000K, used 165996K [0x00000000c0000000, 0x00000000cbb80000, 0x00000000eab00000)
  object space 192000K, 86% used [0x00000000c0000000,0x00000000ca21b010,0x00000000cbb80000)
 Metaspace       used 59354K, committed 60608K, reserved 1114112K
  class space    used 6088K, committed 6656K, reserved 1048576K
}
Event: 16.888 GC heap after
{Heap after GC invocations=303 (full 3):
 PSYoungGen      total 2048K, used 482K [0x00000000eab00000, 0x00000000eae80000, 0x0000000100000000)
  eden space 1536K, 0% used [0x00000000eab00000,0x00000000eab00000,0x00000000eac80000)
  from space 512K, 94% used [0x00000000ead80000,0x00000000eadf8860,0x00000000eae00000)
  to   space 1024K, 0% used [0x00000000eac80000,0x00000000eac80000,0x00000000ead80000)
 ParOldGen       total 192000K, used 166448K [0x00000000c0000000, 0x00000000cbb80000, 0x00000000eab00000)
  object space 192000K, 86% used [0x00000000c0000000,0x00000000ca28c0f8,0x00000000cbb80000)
 Metaspace       used 59354K, committed 60608K, reserved 1114112K
  class space    used 6088K, committed 6656K, reserved 1048576K
}
Event: 16.895 GC heap before
{Heap before GC invocations=304 (full 3):
 PSYoungGen      total 2048K, used 2018K [0x00000000eab00000, 0x00000000eae80000, 0x0000000100000000)
  eden space 1536K, 100% used [0x00000000eab00000,0x00000000eac80000,0x00000000eac80000)
  from space 512K, 94% used [0x00000000ead80000,0x00000000eadf8860,0x00000000eae00000)
  to   space 1024K, 0% used [0x00000000eac80000,0x00000000eac80000,0x00000000ead80000)
 ParOldGen       total 192000K, used 166448K [0x00000000c0000000, 0x00000000cbb80000, 0x00000000eab00000)
  object space 192000K, 86% used [0x00000000c0000000,0x00000000ca28c0f8,0x00000000cbb80000)
 Metaspace       used 59360K, committed 60608K, reserved 1114112K
  class space    used 6088K, committed 6656K, reserved 1048576K
}
Event: 16.896 GC heap after
{Heap after GC invocations=304 (full 3):
 PSYoungGen      total 2560K, used 465K [0x00000000eab00000, 0x00000000eae80000, 0x0000000100000000)
  eden space 1536K, 0% used [0x00000000eab00000,0x00000000eab00000,0x00000000eac80000)
  from space 1024K, 45% used [0x00000000eac80000,0x00000000eacf4548,0x00000000ead80000)
  to   space 1024K, 0% used [0x00000000ead80000,0x00000000ead80000,0x00000000eae80000)
 ParOldGen       total 192000K, used 166838K [0x00000000c0000000, 0x00000000cbb80000, 0x00000000eab00000)
  object space 192000K, 86% used [0x00000000c0000000,0x00000000ca2ed8f0,0x00000000cbb80000)
 Metaspace       used 59360K, committed 60608K, reserved 1114112K
  class space    used 6088K, committed 6656K, reserved 1048576K
}
Event: 16.912 GC heap before
{Heap before GC invocations=305 (full 3):
 PSYoungGen      total 2560K, used 2001K [0x00000000eab00000, 0x00000000eae80000, 0x0000000100000000)
  eden space 1536K, 100% used [0x00000000eab00000,0x00000000eac80000,0x00000000eac80000)
  from space 1024K, 45% used [0x00000000eac80000,0x00000000eacf4548,0x00000000ead80000)
  to   space 1024K, 0% used [0x00000000ead80000,0x00000000ead80000,0x00000000eae80000)
 ParOldGen       total 192000K, used 166838K [0x00000000c0000000, 0x00000000cbb80000, 0x00000000eab00000)
  object space 192000K, 86% used [0x00000000c0000000,0x00000000ca2ed8f0,0x00000000cbb80000)
 Metaspace       used 59386K, committed 60608K, reserved 1114112K
  class space    used 6088K, committed 6656K, reserved 1048576K
}
Event: 16.913 GC heap after
{Heap after GC invocations=305 (full 3):
 PSYoungGen      total 2048K, used 384K [0x00000000eab00000, 0x00000000eae00000, 0x0000000100000000)
  eden space 1536K, 0% used [0x00000000eab00000,0x00000000eab00000,0x00000000eac80000)
  from space 512K, 75% used [0x00000000ead80000,0x00000000eade0000,0x00000000eae00000)
  to   space 512K, 0% used [0x00000000ead00000,0x00000000ead00000,0x00000000ead80000)
 ParOldGen       total 192000K, used 167235K [0x00000000c0000000, 0x00000000cbb80000, 0x00000000eab00000)
  object space 192000K, 87% used [0x00000000c0000000,0x00000000ca350f50,0x00000000cbb80000)
 Metaspace       used 59386K, committed 60608K, reserved 1114112K
  class space    used 6088K, committed 6656K, reserved 1048576K
}
Event: 16.927 GC heap before
{Heap before GC invocations=306 (full 3):
 PSYoungGen      total 2048K, used 1920K [0x00000000eab00000, 0x00000000eae00000, 0x0000000100000000)
  eden space 1536K, 100% used [0x00000000eab00000,0x00000000eac80000,0x00000000eac80000)
  from space 512K, 75% used [0x00000000ead80000,0x00000000eade0000,0x00000000eae00000)
  to   space 512K, 0% used [0x00000000ead00000,0x00000000ead00000,0x00000000ead80000)
 ParOldGen       total 192000K, used 167235K [0x00000000c0000000, 0x00000000cbb80000, 0x00000000eab00000)
  object space 192000K, 87% used [0x00000000c0000000,0x00000000ca350f50,0x00000000cbb80000)
 Metaspace       used 59392K, committed 60608K, reserved 1114112K
  class space    used 6088K, committed 6656K, reserved 1048576K
}
Event: 16.928 GC heap after
{Heap after GC invocations=306 (full 3):
 PSYoungGen      total 2048K, used 480K [0x00000000eab00000, 0x00000000eae80000, 0x0000000100000000)
  eden space 1536K, 0% used [0x00000000eab00000,0x00000000eab00000,0x00000000eac80000)
  from space 512K, 93% used [0x00000000ead00000,0x00000000ead78198,0x00000000ead80000)
  to   space 1024K, 0% used [0x00000000ead80000,0x00000000ead80000,0x00000000eae80000)
 ParOldGen       total 192000K, used 167595K [0x00000000c0000000, 0x00000000cbb80000, 0x00000000eab00000)
  object space 192000K, 87% used [0x00000000c0000000,0x00000000ca3aaf30,0x00000000cbb80000)
 Metaspace       used 59392K, committed 60608K, reserved 1114112K
  class space    used 6088K, committed 6656K, reserved 1048576K
}
Event: 16.972 GC heap before
{Heap before GC invocations=307 (full 3):
 PSYoungGen      total 2048K, used 2004K [0x00000000eab00000, 0x00000000eae80000, 0x0000000100000000)
  eden space 1536K, 99% used [0x00000000eab00000,0x00000000eac7d1e8,0x00000000eac80000)
  from space 512K, 93% used [0x00000000ead00000,0x00000000ead78198,0x00000000ead80000)
  to   space 1024K, 0% used [0x00000000ead80000,0x00000000ead80000,0x00000000eae80000)
 ParOldGen       total 192000K, used 167595K [0x00000000c0000000, 0x00000000cbb80000, 0x00000000eab00000)
  object space 192000K, 87% used [0x00000000c0000000,0x00000000ca3aaf30,0x00000000cbb80000)
 Metaspace       used 59403K, committed 60672K, reserved 1114112K
  class space    used 6090K, committed 6656K, reserved 1048576K
}
Event: 16.975 GC heap after
{Heap after GC invocations=307 (full 3):
 PSYoungGen      total 2560K, used 443K [0x00000000eab00000, 0x00000000eae80000, 0x0000000100000000)
  eden space 1536K, 0% used [0x00000000eab00000,0x00000000eab00000,0x00000000eac80000)
  from space 1024K, 43% used [0x00000000ead80000,0x00000000eadeef80,0x00000000eae80000)
  to   space 1024K, 0% used [0x00000000eac80000,0x00000000eac80000,0x00000000ead80000)
 ParOldGen       total 192000K, used 167986K [0x00000000c0000000, 0x00000000cbb80000, 0x00000000eab00000)
  object space 192000K, 87% used [0x00000000c0000000,0x00000000ca40ca20,0x00000000cbb80000)
 Metaspace       used 59403K, committed 60672K, reserved 1114112K
  class space    used 6090K, committed 6656K, reserved 1048576K
}
Event: 16.980 GC heap before
{Heap before GC invocations=308 (full 3):
 PSYoungGen      total 2560K, used 1979K [0x00000000eab00000, 0x00000000eae80000, 0x0000000100000000)
  eden space 1536K, 99% used [0x00000000eab00000,0x00000000eac7fff8,0x00000000eac80000)
  from space 1024K, 43% used [0x00000000ead80000,0x00000000eadeef80,0x00000000eae80000)
  to   space 1024K, 0% used [0x00000000eac80000,0x00000000eac80000,0x00000000ead80000)
 ParOldGen       total 192000K, used 167986K [0x00000000c0000000, 0x00000000cbb80000, 0x00000000eab00000)
  object space 192000K, 87% used [0x00000000c0000000,0x00000000ca40ca20,0x00000000cbb80000)
 Metaspace       used 59404K, committed 60672K, reserved 1114112K
  class space    used 6090K, committed 6656K, reserved 1048576K
}
Event: 16.981 GC heap after
{Heap after GC invocations=308 (full 3):
 PSYoungGen      total 2560K, used 616K [0x00000000eab00000, 0x00000000eae80000, 0x0000000100000000)
  eden space 1536K, 0% used [0x00000000eab00000,0x00000000eab00000,0x00000000eac80000)
  from space 1024K, 60% used [0x00000000eac80000,0x00000000ead1a100,0x00000000ead80000)
  to   space 1024K, 0% used [0x00000000ead80000,0x00000000ead80000,0x00000000eae80000)
 ParOldGen       total 192000K, used 168275K [0x00000000c0000000, 0x00000000cbb80000, 0x00000000eab00000)
  object space 192000K, 87% used [0x00000000c0000000,0x00000000ca454c38,0x00000000cbb80000)
 Metaspace       used 59404K, committed 60672K, reserved 1114112K
  class space    used 6090K, committed 6656K, reserved 1048576K
}
Event: 16.985 GC heap before
{Heap before GC invocations=309 (full 3):
 PSYoungGen      total 2560K, used 2152K [0x00000000eab00000, 0x00000000eae80000, 0x0000000100000000)
  eden space 1536K, 100% used [0x00000000eab00000,0x00000000eac80000,0x00000000eac80000)
  from space 1024K, 60% used [0x00000000eac80000,0x00000000ead1a100,0x00000000ead80000)
  to   space 1024K, 0% used [0x00000000ead80000,0x00000000ead80000,0x00000000eae80000)
 ParOldGen       total 192000K, used 168275K [0x00000000c0000000, 0x00000000cbb80000, 0x00000000eab00000)
  object space 192000K, 87% used [0x00000000c0000000,0x00000000ca454c38,0x00000000cbb80000)
 Metaspace       used 59405K, committed 60672K, reserved 1114112K
  class space    used 6090K, committed 6656K, reserved 1048576K
}
Event: 16.987 GC heap after
{Heap after GC invocations=309 (full 3):
 PSYoungGen      total 2560K, used 464K [0x00000000eab00000, 0x00000000eae80000, 0x0000000100000000)
  eden space 1536K, 0% used [0x00000000eab00000,0x00000000eab00000,0x00000000eac80000)
  from space 1024K, 45% used [0x00000000ead80000,0x00000000eadf4010,0x00000000eae80000)
  to   space 1024K, 0% used [0x00000000eac80000,0x00000000eac80000,0x00000000ead80000)
 ParOldGen       total 192000K, used 168724K [0x00000000c0000000, 0x00000000cbb80000, 0x00000000eab00000)
  object space 192000K, 87% used [0x00000000c0000000,0x00000000ca4c5038,0x00000000cbb80000)
 Metaspace       used 59405K, committed 60672K, reserved 1114112K
  class space    used 6090K, committed 6656K, reserved 1048576K
}
Event: 16.997 GC heap before
{Heap before GC invocations=310 (full 3):
 PSYoungGen      total 2560K, used 2000K [0x00000000eab00000, 0x00000000eae80000, 0x0000000100000000)
  eden space 1536K, 100% used [0x00000000eab00000,0x00000000eac80000,0x00000000eac80000)
  from space 1024K, 45% used [0x00000000ead80000,0x00000000eadf4010,0x00000000eae80000)
  to   space 1024K, 0% used [0x00000000eac80000,0x00000000eac80000,0x00000000ead80000)
 ParOldGen       total 192000K, used 168724K [0x00000000c0000000, 0x00000000cbb80000, 0x00000000eab00000)
  object space 192000K, 87% used [0x00000000c0000000,0x00000000ca4c5038,0x00000000cbb80000)
 Metaspace       used 59409K, committed 60672K, reserved 1114112K
  class space    used 6090K, committed 6656K, reserved 1048576K
}
Event: 16.998 GC heap after
{Heap after GC invocations=310 (full 3):
 PSYoungGen      total 2560K, used 416K [0x00000000eab00000, 0x00000000eae00000, 0x0000000100000000)
  eden space 1536K, 0% used [0x00000000eab00000,0x00000000eab00000,0x00000000eac80000)
  from space 1024K, 40% used [0x00000000eac80000,0x00000000eace8000,0x00000000ead80000)
  to   space 512K, 0% used [0x00000000ead80000,0x00000000ead80000,0x00000000eae00000)
 ParOldGen       total 192000K, used 169117K [0x00000000c0000000, 0x00000000cbb80000, 0x00000000eab00000)
  object space 192000K, 88% used [0x00000000c0000000,0x00000000ca527730,0x00000000cbb80000)
 Metaspace       used 59409K, committed 60672K, reserved 1114112K
  class space    used 6090K, committed 6656K, reserved 1048576K
}
Event: 17.013 GC heap before
{Heap before GC invocations=311 (full 3):
 PSYoungGen      total 2560K, used 1951K [0x00000000eab00000, 0x00000000eae00000, 0x0000000100000000)
  eden space 1536K, 99% used [0x00000000eab00000,0x00000000eac7fff8,0x00000000eac80000)
  from space 1024K, 40% used [0x00000000eac80000,0x00000000eace8000,0x00000000ead80000)
  to   space 512K, 0% used [0x00000000ead80000,0x00000000ead80000,0x00000000eae00000)
 ParOldGen       total 192000K, used 169117K [0x00000000c0000000, 0x00000000cbb80000, 0x00000000eab00000)
  object space 192000K, 88% used [0x00000000c0000000,0x00000000ca527730,0x00000000cbb80000)
 Metaspace       used 59424K, committed 60672K, reserved 1114112K
  class space    used 6092K, committed 6656K, reserved 1048576K
}
Event: 17.015 GC heap after
{Heap after GC invocations=311 (full 3):
 PSYoungGen      total 2048K, used 509K [0x00000000eab00000, 0x00000000eae80000, 0x0000000100000000)
  eden space 1536K, 0% used [0x00000000eab00000,0x00000000eab00000,0x00000000eac80000)
  from space 512K, 99% used [0x00000000ead80000,0x00000000eadff6d0,0x00000000eae00000)
  to   space 1024K, 0% used [0x00000000eac80000,0x00000000eac80000,0x00000000ead80000)
 ParOldGen       total 192000K, used 169422K [0x00000000c0000000, 0x00000000cbb80000, 0x00000000eab00000)
  object space 192000K, 88% used [0x00000000c0000000,0x00000000ca573828,0x00000000cbb80000)
 Metaspace       used 59424K, committed 60672K, reserved 1114112K
  class space    used 6092K, committed 6656K, reserved 1048576K
}

