# JRE version: Java(TM) SE Runtime Environment (17.0.14+8) (build 17.0.14+8-LTS-191)
# Java VM: Java HotSpot(TM) 64-Bit Server VM (17.0.14+8-LTS-191, mixed mode, emulated-client, sharing, tiered, compressed oops, compressed class ptrs, g1 gc, windows-amd64)
GC Precious Log:
 CPUs: 8 total, 8 available
 Memory: 7901M
 Large Page Support: Disabled
 NUMA Support: Disabled
 Compressed Oops: Enabled (32-bit)
 Heap Region Size: 1M
 Heap Min Capacity: 8M
 Heap Initial Capacity: 124M
 Heap Max Capacity: 1976M
 Pre-touch: Disabled
 Parallel Workers: 8
 Concurrent Workers: 2
 Concurrent Refinement Workers: 8
 Periodic GC: Disabled
Heap:
 garbage-first heap   total 65536K, used 45641K [0x0000000084800000, 0x0000000100000000)
  region size 1024K, 14 young (14336K), 1 survivors (1024K)
 Metaspace       used 69049K, committed 69696K, reserved 1114112K
  class space    used 10000K, committed 10304K, reserved 1048576K
GC Heap History (20 events):
Event: 22.778 GC heap before
{Heap before GC invocations=14 (full 0):
 garbage-first heap   total 65536K, used 51605K [0x0000000084800000, 0x0000000100000000)
  region size 1024K, 25 young (25600K), 4 survivors (4096K)
 Metaspace       used 55164K, committed 55744K, reserved 1114112K
  class space    used 7869K, committed 8128K, reserved 1048576K
}
Event: 22.784 GC heap after
{Heap after GC invocations=15 (full 0):
 garbage-first heap   total 65536K, used 31815K [0x0000000084800000, 0x0000000100000000)
  region size 1024K, 2 young (2048K), 2 survivors (2048K)
 Metaspace       used 55164K, committed 55744K, reserved 1114112K
  class space    used 7869K, committed 8128K, reserved 1048576K
}
Event: 23.939 GC heap before
{Heap before GC invocations=15 (full 0):
 garbage-first heap   total 65536K, used 38983K [0x0000000084800000, 0x0000000100000000)
  region size 1024K, 11 young (11264K), 2 survivors (2048K)
 Metaspace       used 59943K, committed 60480K, reserved 1114112K
  class space    used 8438K, committed 8704K, reserved 1048576K
}
Event: 23.944 GC heap after
{Heap after GC invocations=16 (full 0):
 garbage-first heap   total 65536K, used 33369K [0x0000000084800000, 0x0000000100000000)
  region size 1024K, 2 young (2048K), 2 survivors (2048K)
 Metaspace       used 59943K, committed 60480K, reserved 1114112K
  class space    used 8438K, committed 8704K, reserved 1048576K
}
Event: 60.403 GC heap before
{Heap before GC invocations=17 (full 0):
 garbage-first heap   total 65536K, used 50777K [0x0000000084800000, 0x0000000100000000)
  region size 1024K, 20 young (20480K), 2 survivors (2048K)
 Metaspace       used 64104K, committed 64576K, reserved 1114112K
  class space    used 8938K, committed 9152K, reserved 1048576K
}
Event: 60.411 GC heap after
{Heap after GC invocations=18 (full 0):
 garbage-first heap   total 65536K, used 34460K [0x0000000084800000, 0x0000000100000000)
  region size 1024K, 2 young (2048K), 2 survivors (2048K)
 Metaspace       used 64104K, committed 64576K, reserved 1114112K
  class space    used 8938K, committed 9152K, reserved 1048576K
}
Event: 311.801 GC heap before
{Heap before GC invocations=18 (full 0):
 garbage-first heap   total 65536K, used 51868K [0x0000000084800000, 0x0000000100000000)
  region size 1024K, 19 young (19456K), 2 survivors (2048K)
 Metaspace       used 64120K, committed 64704K, reserved 1114112K
  class space    used 8941K, committed 9216K, reserved 1048576K
}
Event: 311.966 GC heap after
{Heap after GC invocations=19 (full 0):
 garbage-first heap   total 65536K, used 34398K [0x0000000084800000, 0x0000000100000000)
  region size 1024K, 2 young (2048K), 2 survivors (2048K)
 Metaspace       used 64120K, committed 64704K, reserved 1114112K
  class space    used 8941K, committed 9216K, reserved 1048576K
}
Event: 571.249 GC heap before
{Heap before GC invocations=20 (full 0):
 garbage-first heap   total 65536K, used 52830K [0x0000000084800000, 0x0000000100000000)
  region size 1024K, 20 young (20480K), 2 survivors (2048K)
 Metaspace       used 63867K, committed 64704K, reserved 1114112K
  class space    used 8881K, committed 9216K, reserved 1048576K
}
Event: 571.286 GC heap after
{Heap after GC invocations=21 (full 0):
 garbage-first heap   total 65536K, used 34603K [0x0000000084800000, 0x0000000100000000)
  region size 1024K, 2 young (2048K), 2 survivors (2048K)
 Metaspace       used 63867K, committed 64704K, reserved 1114112K
  class space    used 8881K, committed 9216K, reserved 1048576K
}
Event: 586.000 GC heap before
{Heap before GC invocations=21 (full 0):
 garbage-first heap   total 65536K, used 35627K [0x0000000084800000, 0x0000000100000000)
  region size 1024K, 3 young (3072K), 2 survivors (2048K)
 Metaspace       used 63867K, committed 64704K, reserved 1114112K
  class space    used 8881K, committed 9216K, reserved 1048576K
}
Event: 586.063 GC heap after
{Heap after GC invocations=22 (full 0):
 garbage-first heap   total 65536K, used 31204K [0x0000000084800000, 0x0000000100000000)
  region size 1024K, 1 young (1024K), 1 survivors (1024K)
 Metaspace       used 63867K, committed 64704K, reserved 1114112K
  class space    used 8881K, committed 9216K, reserved 1048576K
}
Event: 614.715 GC heap before
{Heap before GC invocations=22 (full 0):
 garbage-first heap   total 65536K, used 33252K [0x0000000084800000, 0x0000000100000000)
  region size 1024K, 3 young (3072K), 1 survivors (1024K)
 Metaspace       used 63867K, committed 64704K, reserved 1114112K
  class space    used 8881K, committed 9216K, reserved 1048576K
}
Event: 614.731 GC heap after
{Heap after GC invocations=23 (full 0):
 garbage-first heap   total 65536K, used 30801K [0x0000000084800000, 0x0000000100000000)
  region size 1024K, 1 young (1024K), 1 survivors (1024K)
 Metaspace       used 63867K, committed 64704K, reserved 1114112K
  class space    used 8881K, committed 9216K, reserved 1048576K
}
Event: 918.400 GC heap before
{Heap before GC invocations=23 (full 0):
 garbage-first heap   total 65536K, used 53329K [0x0000000084800000, 0x0000000100000000)
  region size 1024K, 23 young (23552K), 1 survivors (1024K)
 Metaspace       used 63945K, committed 64704K, reserved 1114112K
  class space    used 8901K, committed 9216K, reserved 1048576K
}
Event: 918.467 GC heap after
{Heap after GC invocations=24 (full 0):
 garbage-first heap   total 65536K, used 31058K [0x0000000084800000, 0x0000000100000000)
  region size 1024K, 1 young (1024K), 1 survivors (1024K)
 Metaspace       used 63945K, committed 64704K, reserved 1114112K
  class space    used 8901K, committed 9216K, reserved 1048576K
}
Event: 921.559 GC heap before
{Heap before GC invocations=25 (full 0):
 garbage-first heap   total 65536K, used 52562K [0x0000000084800000, 0x0000000100000000)
  region size 1024K, 23 young (23552K), 1 survivors (1024K)
 Metaspace       used 66729K, committed 67328K, reserved 1114112K
  class space    used 9451K, committed 9728K, reserved 1048576K
}
Event: 921.578 GC heap after
{Heap after GC invocations=26 (full 0):
 garbage-first heap   total 65536K, used 33439K [0x0000000084800000, 0x0000000100000000)
  region size 1024K, 3 young (3072K), 3 survivors (3072K)
 Metaspace       used 66729K, committed 67328K, reserved 1114112K
  class space    used 9451K, committed 9728K, reserved 1048576K
}
Event: 921.588 GC heap before
{Heap before GC invocations=26 (full 0):
 garbage-first heap   total 65536K, used 33439K [0x0000000084800000, 0x0000000100000000)
  region size 1024K, 4 young (4096K), 3 survivors (3072K)
 Metaspace       used 66758K, committed 67328K, reserved 1114112K
  class space    used 9459K, committed 9728K, reserved 1048576K
}
Event: 921.611 GC heap after
{Heap after GC invocations=27 (full 0):
 garbage-first heap   total 65536K, used 33353K [0x0000000084800000, 0x0000000100000000)
  region size 1024K, 1 young (1024K), 1 survivors (1024K)
 Metaspace       used 66758K, committed 67328K, reserved 1114112K
  class space    used 9459K, committed 9728K, reserved 1048576K
}

