# JRE version: Java(TM) SE Runtime Environment (17.0.12+8) (build 17.0.12+8-LTS-286)
# Java VM: Java HotSpot(TM) 64-Bit Server VM (17.0.12+8-LTS-286, mixed mode, emulated-client, sharing, tiered, compressed oops, compressed class ptrs, g1 gc, windows-amd64)
GC Precious Log:
 CPUs: 8 total, 8 available
 Memory: 16080M
 Large Page Support: Disabled
 NUMA Support: Disabled
 Compressed Oops: Enabled (Zero based)
 Heap Region Size: 2M
 Heap Min Capacity: 8M
 Heap Initial Capacity: 252M
 Heap Max Capacity: 4022M
 Pre-touch: Disabled
 Parallel Workers: 8
 Concurrent Workers: 2
 Concurrent Refinement Workers: 8
 Periodic GC: Disabled
Heap:
 garbage-first heap   total 98304K, used 51315K [0x0000000704a00000, 0x0000000800000000)
  region size 2048K, 11 young (22528K), 1 survivors (2048K)
 Metaspace       used 64967K, committed 65536K, reserved 1114112K
  class space    used 9179K, committed 9472K, reserved 1048576K
GC Heap History (20 events):
Event: 1.497 GC heap before
{Heap before GC invocations=3 (full 0):
 garbage-first heap   total 258048K, used 63836K [0x0000000704a00000, 0x0000000800000000)
  region size 2048K, 28 young (57344K), 3 survivors (6144K)
 Metaspace       used 21187K, committed 21504K, reserved 1114112K
  class space    used 2964K, committed 3072K, reserved 1048576K
}
Event: 1.501 GC heap after
{Heap after GC invocations=4 (full 0):
 garbage-first heap   total 258048K, used 17881K [0x0000000704a00000, 0x0000000800000000)
  region size 2048K, 5 young (10240K), 5 survivors (10240K)
 Metaspace       used 21187K, committed 21504K, reserved 1114112K
  class space    used 2964K, committed 3072K, reserved 1048576K
}
Event: 1.943 GC heap before
{Heap before GC invocations=5 (full 0):
 garbage-first heap   total 75776K, used 52697K [0x0000000704a00000, 0x0000000800000000)
  region size 2048K, 22 young (45056K), 5 survivors (10240K)
 Metaspace       used 26369K, committed 26752K, reserved 1114112K
  class space    used 3731K, committed 3904K, reserved 1048576K
}
Event: 1.949 GC heap after
{Heap after GC invocations=6 (full 0):
 garbage-first heap   total 75776K, used 20760K [0x0000000704a00000, 0x0000000800000000)
  region size 2048K, 2 young (4096K), 2 survivors (4096K)
 Metaspace       used 26369K, committed 26752K, reserved 1114112K
  class space    used 3731K, committed 3904K, reserved 1048576K
}
Event: 2.212 GC heap before
{Heap before GC invocations=6 (full 0):
 garbage-first heap   total 75776K, used 49432K [0x0000000704a00000, 0x0000000800000000)
  region size 2048K, 16 young (32768K), 2 survivors (4096K)
 Metaspace       used 29776K, committed 30208K, reserved 1114112K
  class space    used 4162K, committed 4352K, reserved 1048576K
}
Event: 2.215 GC heap after
{Heap after GC invocations=7 (full 0):
 garbage-first heap   total 75776K, used 22870K [0x0000000704a00000, 0x0000000800000000)
  region size 2048K, 2 young (4096K), 2 survivors (4096K)
 Metaspace       used 29776K, committed 30208K, reserved 1114112K
  class space    used 4162K, committed 4352K, reserved 1048576K
}
Event: 2.542 GC heap before
{Heap before GC invocations=7 (full 0):
 garbage-first heap   total 75776K, used 47446K [0x0000000704a00000, 0x0000000800000000)
  region size 2048K, 15 young (30720K), 2 survivors (4096K)
 Metaspace       used 35555K, committed 35968K, reserved 1114112K
  class space    used 4946K, committed 5184K, reserved 1048576K
}
Event: 2.545 GC heap after
{Heap after GC invocations=8 (full 0):
 garbage-first heap   total 75776K, used 24284K [0x0000000704a00000, 0x0000000800000000)
  region size 2048K, 2 young (4096K), 2 survivors (4096K)
 Metaspace       used 35555K, committed 35968K, reserved 1114112K
  class space    used 4946K, committed 5184K, reserved 1048576K
}
Event: 2.857 GC heap before
{Heap before GC invocations=9 (full 0):
 garbage-first heap   total 75776K, used 50908K [0x0000000704a00000, 0x0000000800000000)
  region size 2048K, 16 young (32768K), 2 survivors (4096K)
 Metaspace       used 40941K, committed 41472K, reserved 1114112K
  class space    used 5829K, committed 6080K, reserved 1048576K
}
Event: 2.859 GC heap after
{Heap after GC invocations=10 (full 0):
 garbage-first heap   total 75776K, used 26012K [0x0000000704a00000, 0x0000000800000000)
  region size 2048K, 2 young (4096K), 2 survivors (4096K)
 Metaspace       used 40941K, committed 41472K, reserved 1114112K
  class space    used 5829K, committed 6080K, reserved 1048576K
}
Event: 3.201 GC heap before
{Heap before GC invocations=10 (full 0):
 garbage-first heap   total 75776K, used 52636K [0x0000000704a00000, 0x0000000800000000)
  region size 2048K, 16 young (32768K), 2 survivors (4096K)
 Metaspace       used 48739K, committed 49216K, reserved 1114112K
  class space    used 6934K, committed 7168K, reserved 1048576K
}
Event: 3.203 GC heap after
{Heap after GC invocations=11 (full 0):
 garbage-first heap   total 75776K, used 27352K [0x0000000704a00000, 0x0000000800000000)
  region size 2048K, 2 young (4096K), 2 survivors (4096K)
 Metaspace       used 48739K, committed 49216K, reserved 1114112K
  class space    used 6934K, committed 7168K, reserved 1048576K
}
Event: 3.296 GC heap before
{Heap before GC invocations=11 (full 0):
 garbage-first heap   total 75776K, used 56024K [0x0000000704a00000, 0x0000000800000000)
  region size 2048K, 16 young (32768K), 2 survivors (4096K)
 Metaspace       used 49619K, committed 50112K, reserved 1114112K
  class space    used 7071K, committed 7296K, reserved 1048576K
}
Event: 3.298 GC heap after
{Heap after GC invocations=12 (full 0):
 garbage-first heap   total 75776K, used 27896K [0x0000000704a00000, 0x0000000800000000)
  region size 2048K, 2 young (4096K), 2 survivors (4096K)
 Metaspace       used 49619K, committed 50112K, reserved 1114112K
  class space    used 7071K, committed 7296K, reserved 1048576K
}
Event: 3.557 GC heap before
{Heap before GC invocations=12 (full 0):
 garbage-first heap   total 75776K, used 54520K [0x0000000704a00000, 0x0000000800000000)
  region size 2048K, 15 young (30720K), 2 survivors (4096K)
 Metaspace       used 52203K, committed 52672K, reserved 1114112K
  class space    used 7474K, committed 7680K, reserved 1048576K
}
Event: 3.560 GC heap after
{Heap after GC invocations=13 (full 0):
 garbage-first heap   total 98304K, used 29938K [0x0000000704a00000, 0x0000000800000000)
  region size 2048K, 2 young (4096K), 2 survivors (4096K)
 Metaspace       used 52203K, committed 52672K, reserved 1114112K
  class space    used 7474K, committed 7680K, reserved 1048576K
}
Event: 8.247 GC heap before
{Heap before GC invocations=13 (full 0):
 garbage-first heap   total 98304K, used 72946K [0x0000000704a00000, 0x0000000800000000)
  region size 2048K, 23 young (47104K), 2 survivors (4096K)
 Metaspace       used 58817K, committed 59392K, reserved 1114112K
  class space    used 8328K, committed 8576K, reserved 1048576K
}
Event: 8.252 GC heap after
{Heap after GC invocations=14 (full 0):
 garbage-first heap   total 98304K, used 33333K [0x0000000704a00000, 0x0000000800000000)
  region size 2048K, 3 young (6144K), 3 survivors (6144K)
 Metaspace       used 58817K, committed 59392K, reserved 1114112K
  class space    used 8328K, committed 8576K, reserved 1048576K
}
Event: 8.318 GC heap before
{Heap before GC invocations=14 (full 0):
 garbage-first heap   total 98304K, used 37429K [0x0000000704a00000, 0x0000000800000000)
  region size 2048K, 6 young (12288K), 3 survivors (6144K)
 Metaspace       used 59879K, committed 60416K, reserved 1114112K
  class space    used 8448K, committed 8704K, reserved 1048576K
}
Event: 8.322 GC heap after
{Heap after GC invocations=15 (full 0):
 garbage-first heap   total 98304K, used 34931K [0x0000000704a00000, 0x0000000800000000)
  region size 2048K, 1 young (2048K), 1 survivors (2048K)
 Metaspace       used 59879K, committed 60416K, reserved 1114112K
  class space    used 8448K, committed 8704K, reserved 1048576K
}

