# JRE version: Java(TM) SE Runtime Environment (17.0.12+8) (build 17.0.12+8-LTS-286)
# Java VM: Java HotSpot(TM) 64-Bit Server VM (17.0.12+8-LTS-286, mixed mode, emulated-client, sharing, tiered, compressed oops, compressed class ptrs, g1 gc, windows-amd64)
GC Precious Log:
 CPUs: 8 total, 8 available
 Memory: 16080M
 Large Page Support: Disabled
 NUMA Support: Disabled
 Compressed Oops: Enabled (Zero based)
 Heap Region Size: 2M
 Heap Min Capacity: 8M
 Heap Initial Capacity: 252M
 Heap Max Capacity: 4022M
 Pre-touch: Disabled
 Parallel Workers: 8
 Concurrent Workers: 2
 Concurrent Refinement Workers: 8
 Periodic GC: Disabled
Heap:
 garbage-first heap   total 124928K, used 67626K [0x0000000704a00000, 0x0000000800000000)
  region size 2048K, 21 young (43008K), 5 survivors (10240K)
 Metaspace       used 67785K, committed 68480K, reserved 1114112K
  class space    used 9770K, committed 10112K, reserved 1048576K
GC Heap History (20 events):
Event: 2.104 GC heap before
{Heap before GC invocations=3 (full 0):
 garbage-first heap   total 258048K, used 61903K [0x0000000704a00000, 0x0000000800000000)
  region size 2048K, 27 young (55296K), 3 survivors (6144K)
 Metaspace       used 21162K, committed 21504K, reserved 1114112K
  class space    used 2963K, committed 3136K, reserved 1048576K
}
Event: 2.108 GC heap after
{Heap after GC invocations=4 (full 0):
 garbage-first heap   total 258048K, used 17972K [0x0000000704a00000, 0x0000000800000000)
  region size 2048K, 5 young (10240K), 5 survivors (10240K)
 Metaspace       used 21162K, committed 21504K, reserved 1114112K
  class space    used 2963K, committed 3136K, reserved 1048576K
}
Event: 2.636 GC heap before
{Heap before GC invocations=5 (full 0):
 garbage-first heap   total 75776K, used 52788K [0x0000000704a00000, 0x0000000800000000)
  region size 2048K, 22 young (45056K), 5 survivors (10240K)
 Metaspace       used 26434K, committed 26816K, reserved 1114112K
  class space    used 3732K, committed 3904K, reserved 1048576K
}
Event: 2.643 GC heap after
{Heap after GC invocations=6 (full 0):
 garbage-first heap   total 75776K, used 20817K [0x0000000704a00000, 0x0000000800000000)
  region size 2048K, 2 young (4096K), 2 survivors (4096K)
 Metaspace       used 26434K, committed 26816K, reserved 1114112K
  class space    used 3732K, committed 3904K, reserved 1048576K
}
Event: 3.012 GC heap before
{Heap before GC invocations=6 (full 0):
 garbage-first heap   total 75776K, used 49489K [0x0000000704a00000, 0x0000000800000000)
  region size 2048K, 16 young (32768K), 2 survivors (4096K)
 Metaspace       used 30430K, committed 30912K, reserved 1114112K
  class space    used 4235K, committed 4416K, reserved 1048576K
}
Event: 3.015 GC heap after
{Heap after GC invocations=7 (full 0):
 garbage-first heap   total 75776K, used 22694K [0x0000000704a00000, 0x0000000800000000)
  region size 2048K, 2 young (4096K), 2 survivors (4096K)
 Metaspace       used 30430K, committed 30912K, reserved 1114112K
  class space    used 4235K, committed 4416K, reserved 1048576K
}
Event: 3.487 GC heap before
{Heap before GC invocations=7 (full 0):
 garbage-first heap   total 75776K, used 45222K [0x0000000704a00000, 0x0000000800000000)
  region size 2048K, 14 young (28672K), 2 survivors (4096K)
 Metaspace       used 35495K, committed 35968K, reserved 1114112K
  class space    used 4945K, committed 5184K, reserved 1048576K
}
Event: 3.490 GC heap after
{Heap after GC invocations=8 (full 0):
 garbage-first heap   total 75776K, used 24182K [0x0000000704a00000, 0x0000000800000000)
  region size 2048K, 2 young (4096K), 2 survivors (4096K)
 Metaspace       used 35495K, committed 35968K, reserved 1114112K
  class space    used 4945K, committed 5184K, reserved 1048576K
}
Event: 3.917 GC heap before
{Heap before GC invocations=9 (full 0):
 garbage-first heap   total 75776K, used 50806K [0x0000000704a00000, 0x0000000800000000)
  region size 2048K, 16 young (32768K), 2 survivors (4096K)
 Metaspace       used 40837K, committed 41344K, reserved 1114112K
  class space    used 5827K, committed 6080K, reserved 1048576K
}
Event: 3.919 GC heap after
{Heap after GC invocations=10 (full 0):
 garbage-first heap   total 75776K, used 25744K [0x0000000704a00000, 0x0000000800000000)
  region size 2048K, 2 young (4096K), 2 survivors (4096K)
 Metaspace       used 40837K, committed 41344K, reserved 1114112K
  class space    used 5827K, committed 6080K, reserved 1048576K
}
Event: 4.389 GC heap before
{Heap before GC invocations=10 (full 0):
 garbage-first heap   total 75776K, used 54416K [0x0000000704a00000, 0x0000000800000000)
  region size 2048K, 16 young (32768K), 2 survivors (4096K)
 Metaspace       used 49064K, committed 49536K, reserved 1114112K
  class space    used 6977K, committed 7168K, reserved 1048576K
}
Event: 4.391 GC heap after
{Heap after GC invocations=11 (full 0):
 garbage-first heap   total 75776K, used 27178K [0x0000000704a00000, 0x0000000800000000)
  region size 2048K, 2 young (4096K), 2 survivors (4096K)
 Metaspace       used 49064K, committed 49536K, reserved 1114112K
  class space    used 6977K, committed 7168K, reserved 1048576K
}
Event: 4.543 GC heap before
{Heap before GC invocations=11 (full 0):
 garbage-first heap   total 75776K, used 55850K [0x0000000704a00000, 0x0000000800000000)
  region size 2048K, 16 young (32768K), 2 survivors (4096K)
 Metaspace       used 49699K, committed 50112K, reserved 1114112K
  class space    used 7092K, committed 7296K, reserved 1048576K
}
Event: 4.566 GC heap after
{Heap after GC invocations=12 (full 0):
 garbage-first heap   total 75776K, used 28175K [0x0000000704a00000, 0x0000000800000000)
  region size 2048K, 2 young (4096K), 2 survivors (4096K)
 Metaspace       used 49699K, committed 50112K, reserved 1114112K
  class space    used 7092K, committed 7296K, reserved 1048576K
}
Event: 4.920 GC heap before
{Heap before GC invocations=12 (full 0):
 garbage-first heap   total 75776K, used 54799K [0x0000000704a00000, 0x0000000800000000)
  region size 2048K, 15 young (30720K), 2 survivors (4096K)
 Metaspace       used 52427K, committed 52928K, reserved 1114112K
  class space    used 7512K, committed 7744K, reserved 1048576K
}
Event: 4.923 GC heap after
{Heap after GC invocations=13 (full 0):
 garbage-first heap   total 124928K, used 30484K [0x0000000704a00000, 0x0000000800000000)
  region size 2048K, 2 young (4096K), 2 survivors (4096K)
 Metaspace       used 52427K, committed 52928K, reserved 1114112K
  class space    used 7512K, committed 7744K, reserved 1048576K
}
Event: 10.225 GC heap before
{Heap before GC invocations=13 (full 0):
 garbage-first heap   total 124928K, used 69396K [0x0000000704a00000, 0x0000000800000000)
  region size 2048K, 22 young (45056K), 2 survivors (4096K)
 Metaspace       used 59748K, committed 60288K, reserved 1114112K
  class space    used 8422K, committed 8704K, reserved 1048576K
}
Event: 10.230 GC heap after
{Heap after GC invocations=14 (full 0):
 garbage-first heap   total 124928K, used 33832K [0x0000000704a00000, 0x0000000800000000)
  region size 2048K, 4 young (8192K), 4 survivors (8192K)
 Metaspace       used 59748K, committed 60288K, reserved 1114112K
  class space    used 8422K, committed 8704K, reserved 1048576K
}
Event: 27.049 GC heap before
{Heap before GC invocations=15 (full 0):
 garbage-first heap   total 124928K, used 91176K [0x0000000704a00000, 0x0000000800000000)
  region size 2048K, 33 young (67584K), 4 survivors (8192K)
 Metaspace       used 67583K, committed 68288K, reserved 1114112K
  class space    used 9725K, committed 10048K, reserved 1048576K
}
Event: 27.060 GC heap after
{Heap after GC invocations=16 (full 0):
 garbage-first heap   total 124928K, used 38954K [0x0000000704a00000, 0x0000000800000000)
  region size 2048K, 5 young (10240K), 5 survivors (10240K)
 Metaspace       used 67583K, committed 68288K, reserved 1114112K
  class space    used 9725K, committed 10048K, reserved 1048576K
}

